  [1m[35m (366.7ms)[0m  [1m[35mCREATE DATABASE "react_rails_api_project_template_development" ENCODING = 'unicode'[0m
  [1m[35m (81.1ms)[0m  [1m[35mCREATE DATABASE "react_rails_api_project_template_test" ENCODING = 'unicode'[0m
Started GET "/" for ::1 at 2022-09-11 17:08:20 -0400
Processing by Rails::WelcomeController#index as HTML
  Rendering /Users/daniel/.rvm/gems/ruby-2.7.4/gems/railties-6.1.3.2/lib/rails/templates/rails/welcome/index.html.erb
  Rendered /Users/daniel/.rvm/gems/ruby-2.7.4/gems/railties-6.1.3.2/lib/rails/templates/rails/welcome/index.html.erb (Duration: 9.3ms | Allocations: 402)
Completed 200 OK in 28ms (Views: 16.8ms | ActiveRecord: 0.0ms | Allocations: 3431)


Started GET "/babel/parser/lib/index.js" for 127.0.0.1 at 2022-09-11 21:46:31 -0400
  
ActionController::RoutingError (No route matches [GET] "/babel/parser/lib/index.js"):
  
Started GET "/babel/parser/lib/index.js" for 127.0.0.1 at 2022-09-11 22:33:56 -0400
  
ActionController::RoutingError (No route matches [GET] "/babel/parser/lib/index.js"):
  
Started GET "/" for ::1 at 2022-09-11 22:43:18 -0400
Processing by Rails::WelcomeController#index as HTML
  Rendering /Users/daniel/.rvm/gems/ruby-2.7.4/gems/railties-6.1.3.2/lib/rails/templates/rails/welcome/index.html.erb
  Rendered /Users/daniel/.rvm/gems/ruby-2.7.4/gems/railties-6.1.3.2/lib/rails/templates/rails/welcome/index.html.erb (Duration: 8.2ms | Allocations: 178)
Completed 200 OK in 11ms (Views: 9.2ms | Allocations: 717)


Started GET "/babel/parser/lib/index.js" for 127.0.0.1 at 2022-09-11 22:44:46 -0400
  
ActionController::RoutingError (No route matches [GET] "/babel/parser/lib/index.js"):
  
Started GET "/babel/parser/lib/index.js" for 127.0.0.1 at 2022-09-12 20:34:23 -0400
  
ActionController::RoutingError (No route matches [GET] "/babel/parser/lib/index.js"):
  
Started GET "/babel/parser/lib/index.js" for 127.0.0.1 at 2022-09-12 20:34:23 -0400
  
ActionController::RoutingError (No route matches [GET] "/babel/parser/lib/index.js"):
  
Started GET "/babel/parser/lib/index.js" for 127.0.0.1 at 2022-09-12 20:34:23 -0400
  
ActionController::RoutingError (No route matches [GET] "/babel/parser/lib/index.js"):
  
Started GET "/babel/parser/lib/index.js" for 127.0.0.1 at 2022-09-12 20:43:51 -0400
  
ActionController::RoutingError (No route matches [GET] "/babel/parser/lib/index.js"):
  
Started GET "/babel/parser/lib/index.js" for 127.0.0.1 at 2022-09-12 20:43:51 -0400
  
ActionController::RoutingError (No route matches [GET] "/babel/parser/lib/index.js"):
  
Started GET "/babel/parser/lib/index.js" for 127.0.0.1 at 2022-09-12 20:43:58 -0400
  
ActionController::RoutingError (No route matches [GET] "/babel/parser/lib/index.js"):
  
Started POST "/users" for ::1 at 2022-09-12 21:08:45 -0400
  [1m[35m (122.5ms)[0m  [1m[35mCREATE TABLE "schema_migrations" ("version" character varying NOT NULL PRIMARY KEY)[0m
  [1m[35m (24.7ms)[0m  [1m[35mCREATE TABLE "ar_internal_metadata" ("key" character varying NOT NULL PRIMARY KEY, "value" character varying, "created_at" timestamp(6) NOT NULL, "updated_at" timestamp(6) NOT NULL)[0m
  [1m[35m (1.1ms)[0m  [1m[34mSELECT "schema_migrations"."version" FROM "schema_migrations" ORDER BY "schema_migrations"."version" ASC[0m
  
ActiveRecord::PendingMigrationError (

Migrations are pending. To resolve this issue, run:

        bin/rails db:migrate RAILS_ENV=development

You have 1 pending migration:

20220913010525_create_users.rb


):
  
activerecord (6.1.3.2) lib/active_record/migration.rb:625:in `check_pending!'
activerecord (6.1.3.2) lib/active_record/migration.rb:590:in `block (2 levels) in call'
activesupport (6.1.3.2) lib/active_support/evented_file_update_checker.rb:59:in `execute'
activesupport (6.1.3.2) lib/active_support/evented_file_update_checker.rb:65:in `execute_if_updated'
activerecord (6.1.3.2) lib/active_record/migration.rb:597:in `block in call'
activerecord (6.1.3.2) lib/active_record/migration.rb:587:in `synchronize'
activerecord (6.1.3.2) lib/active_record/migration.rb:587:in `call'
actionpack (6.1.3.2) lib/action_dispatch/middleware/callbacks.rb:27:in `block in call'
activesupport (6.1.3.2) lib/active_support/callbacks.rb:98:in `run_callbacks'
actionpack (6.1.3.2) lib/action_dispatch/middleware/callbacks.rb:26:in `call'
actionpack (6.1.3.2) lib/action_dispatch/middleware/executor.rb:14:in `call'
actionpack (6.1.3.2) lib/action_dispatch/middleware/actionable_exceptions.rb:18:in `call'
actionpack (6.1.3.2) lib/action_dispatch/middleware/debug_exceptions.rb:29:in `call'
actionpack (6.1.3.2) lib/action_dispatch/middleware/show_exceptions.rb:33:in `call'
railties (6.1.3.2) lib/rails/rack/logger.rb:37:in `call_app'
railties (6.1.3.2) lib/rails/rack/logger.rb:26:in `block in call'
activesupport (6.1.3.2) lib/active_support/tagged_logging.rb:99:in `block in tagged'
activesupport (6.1.3.2) lib/active_support/tagged_logging.rb:37:in `tagged'
activesupport (6.1.3.2) lib/active_support/tagged_logging.rb:99:in `tagged'
railties (6.1.3.2) lib/rails/rack/logger.rb:26:in `call'
actionpack (6.1.3.2) lib/action_dispatch/middleware/remote_ip.rb:81:in `call'
actionpack (6.1.3.2) lib/action_dispatch/middleware/request_id.rb:26:in `call'
rack (2.2.3) lib/rack/runtime.rb:22:in `call'
activesupport (6.1.3.2) lib/active_support/cache/strategy/local_cache_middleware.rb:29:in `call'
actionpack (6.1.3.2) lib/action_dispatch/middleware/executor.rb:14:in `call'
actionpack (6.1.3.2) lib/action_dispatch/middleware/static.rb:24:in `call'
rack (2.2.3) lib/rack/sendfile.rb:110:in `call'
actionpack (6.1.3.2) lib/action_dispatch/middleware/host_authorization.rb:98:in `call'
railties (6.1.3.2) lib/rails/engine.rb:539:in `call'
puma (5.3.2) lib/puma/configuration.rb:249:in `call'
puma (5.3.2) lib/puma/request.rb:77:in `block in handle_request'
puma (5.3.2) lib/puma/thread_pool.rb:338:in `with_force_shutdown'
puma (5.3.2) lib/puma/request.rb:76:in `handle_request'
puma (5.3.2) lib/puma/server.rb:438:in `process_client'
puma (5.3.2) lib/puma/thread_pool.rb:145:in `block in spawn_thread'
  [1m[35m (10.9ms)[0m  [1m[34mSELECT pg_try_advisory_lock(1087325618115650655)[0m
  [1m[35m (0.7ms)[0m  [1m[34mSELECT "schema_migrations"."version" FROM "schema_migrations" ORDER BY "schema_migrations"."version" ASC[0m
Migrating to CreateUsers (20220913010525)
  [1m[36mTRANSACTION (0.2ms)[0m  [1m[35mBEGIN[0m
  [1m[35m (28.1ms)[0m  [1m[35mCREATE TABLE "users" ("id" bigserial primary key, "username" character varying, "password" character varying, "created_at" timestamp(6) NOT NULL, "updated_at" timestamp(6) NOT NULL)[0m
  [1m[36mActiveRecord::SchemaMigration Create (2.0ms)[0m  [1m[32mINSERT INTO "schema_migrations" ("version") VALUES ($1) RETURNING "version"[0m  [["version", "20220913010525"]]
  [1m[36mTRANSACTION (0.5ms)[0m  [1m[35mCOMMIT[0m
  [1m[36mActiveRecord::InternalMetadata Load (0.7ms)[0m  [1m[34mSELECT "ar_internal_metadata".* FROM "ar_internal_metadata" WHERE "ar_internal_metadata"."key" = $1 LIMIT $2[0m  [["key", "environment"], ["LIMIT", 1]]
  [1m[36mTRANSACTION (0.2ms)[0m  [1m[35mBEGIN[0m
  [1m[36mActiveRecord::InternalMetadata Create (6.6ms)[0m  [1m[32mINSERT INTO "ar_internal_metadata" ("key", "value", "created_at", "updated_at") VALUES ($1, $2, $3, $4) RETURNING "key"[0m  [["key", "environment"], ["value", "development"], ["created_at", "2022-09-13 01:09:01.018909"], ["updated_at", "2022-09-13 01:09:01.018909"]]
  [1m[36mTRANSACTION (0.5ms)[0m  [1m[35mCOMMIT[0m
  [1m[35m (0.2ms)[0m  [1m[34mSELECT pg_advisory_unlock(1087325618115650655)[0m
  [1m[35m (0.4ms)[0m  [1m[34mSELECT "schema_migrations"."version" FROM "schema_migrations" ORDER BY "schema_migrations"."version" ASC[0m
Started POST "/users" for ::1 at 2022-09-12 21:11:17 -0400
  [1m[35m (0.2ms)[0m  [1m[34mSELECT "schema_migrations"."version" FROM "schema_migrations" ORDER BY "schema_migrations"."version" ASC[0m
Processing by UsersController#create as */*
  Parameters: {"password"=>"[FILTERED]", "username"=>"", "user"=>{"username"=>"", "password"=>"[FILTERED]"}}
[31mUnpermitted parameter: :user[0m
Completed 500 Internal Server Error in 248ms (ActiveRecord: 3.3ms | Allocations: 6831)


  
NoMethodError (undefined method `password_digest=' for #<User:0x00007fb3c2acbcc8>
Did you mean?  password=):
  
app/controllers/users_controller.rb:4:in `create'
  [1m[35m (0.2ms)[0m  [1m[34mSELECT pg_try_advisory_lock(1087325618115650655)[0m
  [1m[35m (0.5ms)[0m  [1m[34mSELECT "schema_migrations"."version" FROM "schema_migrations" ORDER BY "schema_migrations"."version" ASC[0m
Migrating to AddPasswordDigestToUser (20220913011355)
  [1m[36mTRANSACTION (0.2ms)[0m  [1m[35mBEGIN[0m
  [1m[35m (26.0ms)[0m  [1m[35mALTER TABLE "users" ADD "password_digest" character varying[0m
  [1m[36mActiveRecord::SchemaMigration Create (0.3ms)[0m  [1m[32mINSERT INTO "schema_migrations" ("version") VALUES ($1) RETURNING "version"[0m  [["version", "20220913011355"]]
  [1m[36mTRANSACTION (0.5ms)[0m  [1m[35mCOMMIT[0m
  [1m[36mActiveRecord::InternalMetadata Load (11.8ms)[0m  [1m[34mSELECT "ar_internal_metadata".* FROM "ar_internal_metadata" WHERE "ar_internal_metadata"."key" = $1 LIMIT $2[0m  [["key", "environment"], ["LIMIT", 1]]
  [1m[35m (0.4ms)[0m  [1m[34mSELECT pg_advisory_unlock(1087325618115650655)[0m
  [1m[35m (0.9ms)[0m  [1m[34mSELECT "schema_migrations"."version" FROM "schema_migrations" ORDER BY "schema_migrations"."version" ASC[0m
Started POST "/users" for ::1 at 2022-09-12 21:14:07 -0400
  [1m[35m (0.1ms)[0m  [1m[34mSELECT "schema_migrations"."version" FROM "schema_migrations" ORDER BY "schema_migrations"."version" ASC[0m
Processing by UsersController#create as */*
  Parameters: {"password"=>"[FILTERED]", "username"=>"", "user"=>{"username"=>"", "password"=>"[FILTERED]"}}
[31mUnpermitted parameter: :user[0m
  [1m[36mTRANSACTION (0.2ms)[0m  [1m[35mBEGIN[0m
  ↳ app/controllers/users_controller.rb:4:in `create'
  [1m[36mUser Exists? (5.9ms)[0m  [1m[34mSELECT 1 AS one FROM "users" WHERE "users"."username" = $1 LIMIT $2[0m  [["username", ""], ["LIMIT", 1]]
  ↳ app/controllers/users_controller.rb:4:in `create'
  [1m[36mTRANSACTION (0.8ms)[0m  [1m[31mROLLBACK[0m
  ↳ app/controllers/users_controller.rb:4:in `create'
  [1m[36mUser Exists? (0.2ms)[0m  [1m[34mSELECT 1 AS one FROM "users" WHERE "users"."username" = $1 LIMIT $2[0m  [["username", ""], ["LIMIT", 1]]
  ↳ app/controllers/users_controller.rb:5:in `create'
[active_model_serializers] Rendered ActiveModel::Serializer::Null with Hash (0.08ms)
Completed 422 Unprocessable Entity in 250ms (Views: 2.3ms | ActiveRecord: 9.6ms | Allocations: 8857)


Started POST "/users" for ::1 at 2022-09-12 21:14:19 -0400
Processing by UsersController#create as */*
  Parameters: {"password"=>"[FILTERED]", "username"=>"Test1", "user"=>{"username"=>"Test1", "password"=>"[FILTERED]"}}
[31mUnpermitted parameter: :user[0m
  [1m[36mTRANSACTION (0.1ms)[0m  [1m[35mBEGIN[0m
  ↳ app/controllers/users_controller.rb:4:in `create'
  [1m[36mUser Exists? (0.2ms)[0m  [1m[34mSELECT 1 AS one FROM "users" WHERE "users"."username" = $1 LIMIT $2[0m  [["username", "Test1"], ["LIMIT", 1]]
  ↳ app/controllers/users_controller.rb:4:in `create'
  [1m[36mTRANSACTION (0.1ms)[0m  [1m[31mROLLBACK[0m
  ↳ app/controllers/users_controller.rb:4:in `create'
  [1m[36mUser Exists? (0.2ms)[0m  [1m[34mSELECT 1 AS one FROM "users" WHERE "users"."username" = $1 LIMIT $2[0m  [["username", "Test1"], ["LIMIT", 1]]
  ↳ app/controllers/users_controller.rb:5:in `create'
[active_model_serializers] Rendered ActiveModel::Serializer::Null with Hash (0.05ms)
Completed 422 Unprocessable Entity in 5ms (Views: 0.4ms | ActiveRecord: 0.6ms | Allocations: 3125)


Started POST "/users" for ::1 at 2022-09-12 21:14:25 -0400
Processing by UsersController#create as */*
  Parameters: {"password"=>"[FILTERED]", "username"=>"Test1", "user"=>{"username"=>"Test1", "password"=>"[FILTERED]"}}
[31mUnpermitted parameter: :user[0m
  [1m[36mTRANSACTION (0.1ms)[0m  [1m[35mBEGIN[0m
  ↳ app/controllers/users_controller.rb:4:in `create'
  [1m[36mUser Exists? (0.2ms)[0m  [1m[34mSELECT 1 AS one FROM "users" WHERE "users"."username" = $1 LIMIT $2[0m  [["username", "Test1"], ["LIMIT", 1]]
  ↳ app/controllers/users_controller.rb:4:in `create'
  [1m[36mUser Create (0.5ms)[0m  [1m[32mINSERT INTO "users" ("username", "created_at", "updated_at", "password_digest") VALUES ($1, $2, $3, $4) RETURNING "id"[0m  [["username", "Test1"], ["created_at", "2022-09-13 01:14:25.615887"], ["updated_at", "2022-09-13 01:14:25.615887"], ["password_digest", "$2a$12$zyLANRuko6lAEXPEJPA7uuBQ9pK2SrtAe10YDI8vOx75oELLtvq8."]]
  ↳ app/controllers/users_controller.rb:4:in `create'
  [1m[36mTRANSACTION (9.5ms)[0m  [1m[35mCOMMIT[0m
  ↳ app/controllers/users_controller.rb:4:in `create'
  [1m[36mUser Exists? (0.4ms)[0m  [1m[34mSELECT 1 AS one FROM "users" WHERE "users"."username" = $1 AND "users"."id" != $2 LIMIT $3[0m  [["username", "Test1"], ["id", 1], ["LIMIT", 1]]
  ↳ app/controllers/users_controller.rb:5:in `create'
[active_model_serializers] Rendered ActiveModel::Serializer::Null with User (0.15ms)
Completed 201 Created in 271ms (Views: 0.8ms | ActiveRecord: 10.7ms | Allocations: 3738)


Started POST "/users" for 127.0.0.1 at 2022-09-12 21:15:02 -0400
Processing by UsersController#create as */*
  Parameters: {"username"=>"Test2", "user"=>{"username"=>"Test2"}}
[31mUnpermitted parameter: :user[0m
  [1m[36mTRANSACTION (0.2ms)[0m  [1m[35mBEGIN[0m
  ↳ app/controllers/users_controller.rb:4:in `create'
  [1m[36mUser Exists? (3.0ms)[0m  [1m[34mSELECT 1 AS one FROM "users" WHERE "users"."username" = $1 LIMIT $2[0m  [["username", "Test2"], ["LIMIT", 1]]
  ↳ app/controllers/users_controller.rb:4:in `create'
  [1m[36mTRANSACTION (0.5ms)[0m  [1m[31mROLLBACK[0m
  ↳ app/controllers/users_controller.rb:4:in `create'
  [1m[36mUser Exists? (1.2ms)[0m  [1m[34mSELECT 1 AS one FROM "users" WHERE "users"."username" = $1 LIMIT $2[0m  [["username", "Test2"], ["LIMIT", 1]]
  ↳ app/controllers/users_controller.rb:5:in `create'
[active_model_serializers] Rendered ActiveModel::Serializer::Null with Hash (0.05ms)
Completed 422 Unprocessable Entity in 135ms (Views: 0.4ms | ActiveRecord: 4.9ms | Allocations: 3073)


Started POST "/users" for 127.0.0.1 at 2022-09-12 21:16:07 -0400
Processing by UsersController#create as */*
  Parameters: {"username"=>"Test2", "user"=>{"username"=>"Test2"}}
[31mUnpermitted parameter: :user[0m
  [1m[36mTRANSACTION (0.1ms)[0m  [1m[35mBEGIN[0m
  ↳ app/controllers/users_controller.rb:4:in `create'
  [1m[36mUser Exists? (0.4ms)[0m  [1m[34mSELECT 1 AS one FROM "users" WHERE "users"."username" = $1 LIMIT $2[0m  [["username", "Test2"], ["LIMIT", 1]]
  ↳ app/controllers/users_controller.rb:4:in `create'
  [1m[36mTRANSACTION (0.2ms)[0m  [1m[31mROLLBACK[0m
  ↳ app/controllers/users_controller.rb:4:in `create'
  [1m[36mUser Exists? (0.2ms)[0m  [1m[34mSELECT 1 AS one FROM "users" WHERE "users"."username" = $1 LIMIT $2[0m  [["username", "Test2"], ["LIMIT", 1]]
  ↳ app/controllers/users_controller.rb:5:in `create'
[active_model_serializers] Rendered ActiveModel::Serializer::Null with Hash (0.07ms)
Completed 422 Unprocessable Entity in 8ms (Views: 0.4ms | ActiveRecord: 1.0ms | Allocations: 3075)


Started POST "/users" for 127.0.0.1 at 2022-09-12 21:16:32 -0400
Processing by UsersController#create as */*
  Parameters: {"username"=>"Test2", "user"=>{"username"=>"Test2"}}
[31mUnpermitted parameter: :user[0m
  [1m[36mTRANSACTION (0.1ms)[0m  [1m[35mBEGIN[0m
  ↳ app/controllers/users_controller.rb:4:in `create'
  [1m[36mUser Exists? (0.2ms)[0m  [1m[34mSELECT 1 AS one FROM "users" WHERE "users"."username" = $1 LIMIT $2[0m  [["username", "Test2"], ["LIMIT", 1]]
  ↳ app/controllers/users_controller.rb:4:in `create'
  [1m[36mTRANSACTION (0.1ms)[0m  [1m[31mROLLBACK[0m
  ↳ app/controllers/users_controller.rb:4:in `create'
  [1m[36mUser Exists? (0.2ms)[0m  [1m[34mSELECT 1 AS one FROM "users" WHERE "users"."username" = $1 LIMIT $2[0m  [["username", "Test2"], ["LIMIT", 1]]
  ↳ app/controllers/users_controller.rb:5:in `create'
[active_model_serializers] Rendered ActiveModel::Serializer::Null with Hash (0.06ms)
Completed 422 Unprocessable Entity in 12ms (Views: 0.5ms | ActiveRecord: 0.7ms | Allocations: 3071)


Started POST "/users" for 127.0.0.1 at 2022-09-12 21:17:53 -0400
Processing by UsersController#create as */*
  Parameters: {"username"=>"Test2", "user"=>{"username"=>"Test2"}}
[31mUnpermitted parameter: :user[0m
  [1m[36mTRANSACTION (0.1ms)[0m  [1m[35mBEGIN[0m
  ↳ app/controllers/users_controller.rb:4:in `create'
  [1m[36mUser Exists? (0.2ms)[0m  [1m[34mSELECT 1 AS one FROM "users" WHERE "users"."username" = $1 LIMIT $2[0m  [["username", "Test2"], ["LIMIT", 1]]
  ↳ app/controllers/users_controller.rb:4:in `create'
  [1m[36mTRANSACTION (0.1ms)[0m  [1m[31mROLLBACK[0m
  ↳ app/controllers/users_controller.rb:4:in `create'
  [1m[36mUser Exists? (0.2ms)[0m  [1m[34mSELECT 1 AS one FROM "users" WHERE "users"."username" = $1 LIMIT $2[0m  [["username", "Test2"], ["LIMIT", 1]]
  ↳ app/controllers/users_controller.rb:5:in `create'
[active_model_serializers] Rendered ActiveModel::Serializer::Null with Hash (0.05ms)
Completed 422 Unprocessable Entity in 5ms (Views: 0.4ms | ActiveRecord: 0.6ms | Allocations: 3069)


Started POST "/users" for 127.0.0.1 at 2022-09-12 21:18:19 -0400
Processing by UsersController#create as */*
  Parameters: {"username"=>"Test1", "user"=>{"username"=>"Test1"}}
[31mUnpermitted parameter: :user[0m
  [1m[36mTRANSACTION (0.1ms)[0m  [1m[35mBEGIN[0m
  ↳ app/controllers/users_controller.rb:4:in `create'
  [1m[36mUser Exists? (0.2ms)[0m  [1m[34mSELECT 1 AS one FROM "users" WHERE "users"."username" = $1 LIMIT $2[0m  [["username", "Test1"], ["LIMIT", 1]]
  ↳ app/controllers/users_controller.rb:4:in `create'
  [1m[36mTRANSACTION (0.1ms)[0m  [1m[31mROLLBACK[0m
  ↳ app/controllers/users_controller.rb:4:in `create'
  [1m[36mUser Exists? (0.2ms)[0m  [1m[34mSELECT 1 AS one FROM "users" WHERE "users"."username" = $1 LIMIT $2[0m  [["username", "Test1"], ["LIMIT", 1]]
  ↳ app/controllers/users_controller.rb:5:in `create'
[active_model_serializers] Rendered ActiveModel::Serializer::Null with Hash (0.06ms)
Completed 422 Unprocessable Entity in 8ms (Views: 0.8ms | ActiveRecord: 0.6ms | Allocations: 3542)


Started POST "/users" for 127.0.0.1 at 2022-09-12 21:19:35 -0400
Processing by UsersController#create as */*
  Parameters: {"username"=>"Test1", "user"=>{"username"=>"Test1"}}
[31mUnpermitted parameter: :user[0m
  [1m[36mTRANSACTION (0.1ms)[0m  [1m[35mBEGIN[0m
  ↳ app/controllers/users_controller.rb:4:in `create'
  [1m[36mUser Exists? (0.2ms)[0m  [1m[34mSELECT 1 AS one FROM "users" WHERE "users"."username" = $1 LIMIT $2[0m  [["username", "Test1"], ["LIMIT", 1]]
  ↳ app/controllers/users_controller.rb:4:in `create'
  [1m[36mTRANSACTION (0.1ms)[0m  [1m[31mROLLBACK[0m
  ↳ app/controllers/users_controller.rb:4:in `create'
  [1m[36mUser Exists? (0.2ms)[0m  [1m[34mSELECT 1 AS one FROM "users" WHERE "users"."username" = $1 LIMIT $2[0m  [["username", "Test1"], ["LIMIT", 1]]
  ↳ app/controllers/users_controller.rb:5:in `create'
[active_model_serializers] Rendered ActiveModel::Serializer::Null with Hash (0.07ms)
Completed 422 Unprocessable Entity in 6ms (Views: 0.3ms | ActiveRecord: 0.6ms | Allocations: 3484)


Started POST "/users" for 127.0.0.1 at 2022-09-12 21:19:40 -0400
Processing by UsersController#create as */*
  Parameters: {"username"=>"Test1", "user"=>{"username"=>"Test1"}}
[31mUnpermitted parameter: :user[0m
  [1m[36mTRANSACTION (0.1ms)[0m  [1m[35mBEGIN[0m
  ↳ app/controllers/users_controller.rb:4:in `create'
  [1m[36mUser Exists? (0.2ms)[0m  [1m[34mSELECT 1 AS one FROM "users" WHERE "users"."username" = $1 LIMIT $2[0m  [["username", "Test1"], ["LIMIT", 1]]
  ↳ app/controllers/users_controller.rb:4:in `create'
  [1m[36mTRANSACTION (0.1ms)[0m  [1m[31mROLLBACK[0m
  ↳ app/controllers/users_controller.rb:4:in `create'
  [1m[36mUser Exists? (0.2ms)[0m  [1m[34mSELECT 1 AS one FROM "users" WHERE "users"."username" = $1 LIMIT $2[0m  [["username", "Test1"], ["LIMIT", 1]]
  ↳ app/controllers/users_controller.rb:5:in `create'
[active_model_serializers] Rendered ActiveModel::Serializer::Null with Hash (0.05ms)
Completed 422 Unprocessable Entity in 6ms (Views: 0.4ms | ActiveRecord: 0.6ms | Allocations: 3484)


Started POST "/users" for 127.0.0.1 at 2022-09-12 21:19:46 -0400
Processing by UsersController#create as */*
  Parameters: {"username"=>"Test2", "user"=>{"username"=>"Test2"}}
[31mUnpermitted parameter: :user[0m
  [1m[36mTRANSACTION (0.1ms)[0m  [1m[35mBEGIN[0m
  ↳ app/controllers/users_controller.rb:4:in `create'
  [1m[36mUser Exists? (0.2ms)[0m  [1m[34mSELECT 1 AS one FROM "users" WHERE "users"."username" = $1 LIMIT $2[0m  [["username", "Test2"], ["LIMIT", 1]]
  ↳ app/controllers/users_controller.rb:4:in `create'
  [1m[36mTRANSACTION (0.1ms)[0m  [1m[31mROLLBACK[0m
  ↳ app/controllers/users_controller.rb:4:in `create'
  [1m[36mUser Exists? (0.2ms)[0m  [1m[34mSELECT 1 AS one FROM "users" WHERE "users"."username" = $1 LIMIT $2[0m  [["username", "Test2"], ["LIMIT", 1]]
  ↳ app/controllers/users_controller.rb:5:in `create'
[active_model_serializers] Rendered ActiveModel::Serializer::Null with Hash (0.04ms)
Completed 422 Unprocessable Entity in 5ms (Views: 0.3ms | ActiveRecord: 0.6ms | Allocations: 3069)


Started POST "/users" for 127.0.0.1 at 2022-09-12 21:20:17 -0400
Processing by UsersController#create as */*
  Parameters: {"username"=>"Test2", "user"=>{"username"=>"Test2"}}
[31mUnpermitted parameter: :user[0m
  [1m[36mTRANSACTION (0.1ms)[0m  [1m[35mBEGIN[0m
  ↳ app/controllers/users_controller.rb:4:in `create'
  [1m[36mUser Exists? (0.3ms)[0m  [1m[34mSELECT 1 AS one FROM "users" WHERE "users"."username" = $1 LIMIT $2[0m  [["username", "Test2"], ["LIMIT", 1]]
  ↳ app/controllers/users_controller.rb:4:in `create'
  [1m[36mTRANSACTION (0.9ms)[0m  [1m[31mROLLBACK[0m
  ↳ app/controllers/users_controller.rb:4:in `create'
  [1m[36mUser Exists? (0.2ms)[0m  [1m[34mSELECT 1 AS one FROM "users" WHERE "users"."username" = $1 LIMIT $2[0m  [["username", "Test2"], ["LIMIT", 1]]
  ↳ app/controllers/users_controller.rb:5:in `create'
[active_model_serializers] Rendered ActiveModel::Serializer::Null with Hash (0.04ms)
Completed 422 Unprocessable Entity in 8ms (Views: 0.3ms | ActiveRecord: 1.5ms | Allocations: 3070)


Started POST "/users" for 127.0.0.1 at 2022-09-12 21:20:27 -0400
Processing by UsersController#create as */*
  Parameters: {"username"=>"Test2", "password"=>"[FILTERED]", "user"=>{"username"=>"Test2", "password"=>"[FILTERED]"}}
[31mUnpermitted parameter: :user[0m
  [1m[36mTRANSACTION (0.1ms)[0m  [1m[35mBEGIN[0m
  ↳ app/controllers/users_controller.rb:4:in `create'
  [1m[36mUser Exists? (0.2ms)[0m  [1m[34mSELECT 1 AS one FROM "users" WHERE "users"."username" = $1 LIMIT $2[0m  [["username", "Test2"], ["LIMIT", 1]]
  ↳ app/controllers/users_controller.rb:4:in `create'
  [1m[36mUser Create (0.2ms)[0m  [1m[32mINSERT INTO "users" ("username", "created_at", "updated_at", "password_digest") VALUES ($1, $2, $3, $4) RETURNING "id"[0m  [["username", "Test2"], ["created_at", "2022-09-13 01:20:27.263859"], ["updated_at", "2022-09-13 01:20:27.263859"], ["password_digest", "$2a$12$EaLHmTOfRqjOHkb5xJB6JOCQ3M1MTl/fN/55dtKYc0rkukh16aUtW"]]
  ↳ app/controllers/users_controller.rb:4:in `create'
  [1m[36mTRANSACTION (5.6ms)[0m  [1m[35mCOMMIT[0m
  ↳ app/controllers/users_controller.rb:4:in `create'
  [1m[36mUser Exists? (0.4ms)[0m  [1m[34mSELECT 1 AS one FROM "users" WHERE "users"."username" = $1 AND "users"."id" != $2 LIMIT $3[0m  [["username", "Test2"], ["id", 2], ["LIMIT", 1]]
  ↳ app/controllers/users_controller.rb:5:in `create'
[active_model_serializers] Rendered ActiveModel::Serializer::Null with User (0.14ms)
Completed 201 Created in 222ms (Views: 0.5ms | ActiveRecord: 6.5ms | Allocations: 3912)


Started POST "/users" for 127.0.0.1 at 2022-09-12 21:21:14 -0400
Processing by UsersController#create as */*
  Parameters: {"username"=>"Test3", "password"=>"[FILTERED]", "user"=>{"username"=>"Test3", "password"=>"[FILTERED]"}}
[31mUnpermitted parameter: :user[0m
  [1m[36mTRANSACTION (0.1ms)[0m  [1m[35mBEGIN[0m
  ↳ app/controllers/users_controller.rb:4:in `create'
  [1m[36mUser Exists? (0.2ms)[0m  [1m[34mSELECT 1 AS one FROM "users" WHERE "users"."username" = $1 LIMIT $2[0m  [["username", "Test3"], ["LIMIT", 1]]
  ↳ app/controllers/users_controller.rb:4:in `create'
  [1m[36mUser Create (0.2ms)[0m  [1m[32mINSERT INTO "users" ("username", "created_at", "updated_at", "password_digest") VALUES ($1, $2, $3, $4) RETURNING "id"[0m  [["username", "Test3"], ["created_at", "2022-09-13 01:21:14.892525"], ["updated_at", "2022-09-13 01:21:14.892525"], ["password_digest", "$2a$12$kc.Xhtr8.ju.hNOuJcxLHOw/KbUySqvQBIBpVXQIERyekWhTe5Vry"]]
  ↳ app/controllers/users_controller.rb:4:in `create'
  [1m[36mTRANSACTION (5.7ms)[0m  [1m[35mCOMMIT[0m
  ↳ app/controllers/users_controller.rb:4:in `create'
  [1m[36mUser Exists? (0.3ms)[0m  [1m[34mSELECT 1 AS one FROM "users" WHERE "users"."username" = $1 AND "users"."id" != $2 LIMIT $3[0m  [["username", "Test3"], ["id", 3], ["LIMIT", 1]]
  ↳ app/controllers/users_controller.rb:5:in `create'
[active_model_serializers] Rendered ActiveModel::Serializer::Null with User (0.14ms)
Completed 201 Created in 224ms (Views: 0.5ms | ActiveRecord: 6.5ms | Allocations: 3473)


Started GET "/me" for 127.0.0.1 at 2022-09-12 21:22:57 -0400
  
ActionController::RoutingError (No route matches [GET] "/me"):
  
Started GET "/me" for 127.0.0.1 at 2022-09-12 21:23:01 -0400
  
ActionController::RoutingError (No route matches [GET] "/me"):
  
Started GET "/me" for 127.0.0.1 at 2022-09-12 21:24:45 -0400
Processing by UsersController#show as */*
  [1m[36mUser Load (0.3ms)[0m  [1m[34mSELECT "users".* FROM "users" WHERE "users"."id" = $1 LIMIT $2[0m  [["id", 3], ["LIMIT", 1]]
  ↳ app/controllers/users_controller.rb:14:in `show'
[active_model_serializers] Rendered ActiveModel::Serializer::Null with User (0.16ms)
Completed 200 OK in 37ms (Views: 0.9ms | ActiveRecord: 14.9ms | Allocations: 4198)


Started GET "/me" for 127.0.0.1 at 2022-09-12 21:29:26 -0400
Processing by UsersController#show as */*
  [1m[36mUser Load (4.5ms)[0m  [1m[34mSELECT "users".* FROM "users" WHERE "users"."id" = $1 LIMIT $2[0m  [["id", 3], ["LIMIT", 1]]
  ↳ app/controllers/users_controller.rb:14:in `show'
[active_model_serializers] Rendered ActiveModel::Serializer::Null with User (0.21ms)
Completed 200 OK in 12ms (Views: 0.7ms | ActiveRecord: 4.5ms | Allocations: 811)


Started GET "/me" for 127.0.0.1 at 2022-09-12 21:30:44 -0400
Processing by UsersController#show as */*
  [1m[36mUser Load (0.6ms)[0m  [1m[34mSELECT "users".* FROM "users" WHERE "users"."id" = $1 LIMIT $2[0m  [["id", 3], ["LIMIT", 1]]
  ↳ app/controllers/users_controller.rb:14:in `show'
[active_model_serializers] Rendered ActiveModel::Serializer::Null with User (0.17ms)
Completed 200 OK in 19ms (Views: 0.6ms | ActiveRecord: 0.6ms | Allocations: 795)


Started GET "/me" for 127.0.0.1 at 2022-09-12 21:31:10 -0400
Processing by UsersController#show as */*
  [1m[36mUser Load (0.2ms)[0m  [1m[34mSELECT "users".* FROM "users" WHERE "users"."id" = $1 LIMIT $2[0m  [["id", 3], ["LIMIT", 1]]
  ↳ app/controllers/users_controller.rb:14:in `show'
[active_model_serializers] Rendered ActiveModel::Serializer::Null with User (0.12ms)
Completed 200 OK in 2ms (Views: 0.4ms | ActiveRecord: 0.2ms | Allocations: 791)


Started GET "/babel/parser/lib/index.js" for 127.0.0.1 at 2022-09-12 21:37:03 -0400
  
ActionController::RoutingError (No route matches [GET] "/babel/parser/lib/index.js"):
  
Started GET "/me" for 127.0.0.1 at 2022-09-12 21:37:39 -0400
Processing by UsersController#show as */*
  [1m[36mUser Load (0.3ms)[0m  [1m[34mSELECT "users".* FROM "users" WHERE "users"."id" = $1 LIMIT $2[0m  [["id", 3], ["LIMIT", 1]]
  ↳ app/controllers/users_controller.rb:14:in `show'
[active_model_serializers] Rendered ActiveModel::Serializer::Null with User (0.15ms)
Completed 200 OK in 24ms (Views: 0.6ms | ActiveRecord: 12.4ms | Allocations: 3991)


Started GET "/me" for 127.0.0.1 at 2022-09-12 21:37:43 -0400
Processing by UsersController#show as */*
  [1m[36mUser Load (0.4ms)[0m  [1m[34mSELECT "users".* FROM "users" WHERE "users"."id" = $1 LIMIT $2[0m  [["id", 3], ["LIMIT", 1]]
  ↳ app/controllers/users_controller.rb:14:in `show'
[active_model_serializers] Rendered ActiveModel::Serializer::Null with User (0.18ms)
Completed 200 OK in 21ms (Views: 0.7ms | ActiveRecord: 0.4ms | Allocations: 807)


Started GET "/me" for 127.0.0.1 at 2022-09-12 21:47:51 -0400
Processing by UsersController#show as */*
  [1m[36mUser Load (0.4ms)[0m  [1m[34mSELECT "users".* FROM "users" WHERE "users"."id" = $1 LIMIT $2[0m  [["id", 3], ["LIMIT", 1]]
  ↳ app/controllers/users_controller.rb:14:in `show'
[active_model_serializers] Rendered ActiveModel::Serializer::Null with User (0.17ms)
Completed 200 OK in 82ms (Views: 0.6ms | ActiveRecord: 46.3ms | Allocations: 3921)


Started GET "/me" for 127.0.0.1 at 2022-09-12 21:52:46 -0400
Processing by UsersController#show as */*
  [1m[36mUser Load (1.1ms)[0m  [1m[34mSELECT "users".* FROM "users" WHERE "users"."id" = $1 LIMIT $2[0m  [["id", 3], ["LIMIT", 1]]
  ↳ app/controllers/users_controller.rb:14:in `show'
[active_model_serializers] Rendered ActiveModel::Serializer::Null with User (0.2ms)
Completed 200 OK in 9ms (Views: 0.7ms | ActiveRecord: 1.1ms | Allocations: 801)


Started GET "/me" for 127.0.0.1 at 2022-09-12 21:53:08 -0400
Processing by UsersController#show as */*
  [1m[36mUser Load (0.4ms)[0m  [1m[34mSELECT "users".* FROM "users" WHERE "users"."id" = $1 LIMIT $2[0m  [["id", 3], ["LIMIT", 1]]
  ↳ app/controllers/users_controller.rb:14:in `show'
[active_model_serializers] Rendered ActiveModel::Serializer::Null with User (0.2ms)
Completed 200 OK in 22ms (Views: 0.9ms | ActiveRecord: 0.4ms | Allocations: 812)


Started GET "/me" for 127.0.0.1 at 2022-09-12 21:53:15 -0400
Processing by UsersController#show as */*
  [1m[36mUser Load (26.3ms)[0m  [1m[34mSELECT "users".* FROM "users" WHERE "users"."id" = $1 LIMIT $2[0m  [["id", 3], ["LIMIT", 1]]
  ↳ app/controllers/users_controller.rb:14:in `show'
[active_model_serializers] Rendered ActiveModel::Serializer::Null with User (0.21ms)
Completed 200 OK in 44ms (Views: 0.7ms | ActiveRecord: 26.3ms | Allocations: 801)


Started GET "/me" for 127.0.0.1 at 2022-09-12 21:58:54 -0400
Processing by UsersController#show as */*
  [1m[36mUser Load (0.4ms)[0m  [1m[34mSELECT "users".* FROM "users" WHERE "users"."id" = $1 LIMIT $2[0m  [["id", 3], ["LIMIT", 1]]
  ↳ app/controllers/users_controller.rb:14:in `show'
[active_model_serializers] Rendered ActiveModel::Serializer::Null with User (0.22ms)
Completed 200 OK in 52ms (Views: 0.7ms | ActiveRecord: 13.8ms | Allocations: 3924)


Started GET "/me" for 127.0.0.1 at 2022-09-12 21:58:57 -0400
Processing by UsersController#show as */*
  [1m[36mUser Load (0.2ms)[0m  [1m[34mSELECT "users".* FROM "users" WHERE "users"."id" = $1 LIMIT $2[0m  [["id", 3], ["LIMIT", 1]]
  ↳ app/controllers/users_controller.rb:14:in `show'
[active_model_serializers] Rendered ActiveModel::Serializer::Null with User (0.21ms)
Completed 200 OK in 5ms (Views: 0.8ms | ActiveRecord: 0.2ms | Allocations: 799)


Started GET "/me" for 127.0.0.1 at 2022-09-12 22:00:34 -0400
Processing by UsersController#show as */*
  [1m[36mUser Load (0.2ms)[0m  [1m[34mSELECT "users".* FROM "users" WHERE "users"."id" = $1 LIMIT $2[0m  [["id", 3], ["LIMIT", 1]]
  ↳ app/controllers/users_controller.rb:14:in `show'
[active_model_serializers] Rendered ActiveModel::Serializer::Null with User (0.14ms)
Completed 200 OK in 2ms (Views: 0.5ms | ActiveRecord: 0.2ms | Allocations: 803)


Started GET "/me" for 127.0.0.1 at 2022-09-12 22:00:40 -0400
Processing by UsersController#show as */*
  [1m[36mUser Load (1.8ms)[0m  [1m[34mSELECT "users".* FROM "users" WHERE "users"."id" = $1 LIMIT $2[0m  [["id", 3], ["LIMIT", 1]]
  ↳ app/controllers/users_controller.rb:14:in `show'
[active_model_serializers] Rendered ActiveModel::Serializer::Null with User (0.14ms)
Completed 200 OK in 13ms (Views: 0.5ms | ActiveRecord: 1.8ms | Allocations: 797)


Started GET "/me" for 127.0.0.1 at 2022-09-12 22:01:05 -0400
Processing by UsersController#show as */*
  [1m[36mUser Load (0.3ms)[0m  [1m[34mSELECT "users".* FROM "users" WHERE "users"."id" = $1 LIMIT $2[0m  [["id", 3], ["LIMIT", 1]]
  ↳ app/controllers/users_controller.rb:14:in `show'
[active_model_serializers] Rendered ActiveModel::Serializer::Null with User (0.14ms)
Completed 200 OK in 97ms (Views: 0.5ms | ActiveRecord: 0.3ms | Allocations: 801)


Started GET "/me" for 127.0.0.1 at 2022-09-12 22:01:17 -0400
Processing by UsersController#show as */*
  [1m[36mUser Load (1.2ms)[0m  [1m[34mSELECT "users".* FROM "users" WHERE "users"."id" = $1 LIMIT $2[0m  [["id", 3], ["LIMIT", 1]]
  ↳ app/controllers/users_controller.rb:14:in `show'
[active_model_serializers] Rendered ActiveModel::Serializer::Null with User (0.13ms)
Completed 200 OK in 28ms (Views: 0.5ms | ActiveRecord: 1.2ms | Allocations: 807)


Started GET "/me" for 127.0.0.1 at 2022-09-12 22:01:48 -0400
Processing by UsersController#show as */*
  [1m[36mUser Load (1.1ms)[0m  [1m[34mSELECT "users".* FROM "users" WHERE "users"."id" = $1 LIMIT $2[0m  [["id", 3], ["LIMIT", 1]]
  ↳ app/controllers/users_controller.rb:14:in `show'
[active_model_serializers] Rendered ActiveModel::Serializer::Null with User (0.16ms)
Completed 200 OK in 32ms (Views: 0.6ms | ActiveRecord: 1.1ms | Allocations: 805)


